app/build/intermediates/manifest_merge_blame_file/release/manifest-merger-blame-release-report.txt
1<?xml version="1.0" encoding="utf-8"?>
2<manifest xmlns:android="http://schemas.android.com/apk/res/android"
3    package="com.example.prolendas"
4    android:versionCode="1"
5    android:versionName="1.0" >
6
7    <uses-sdk
8        android:minSdkVersion="15"
8-->src/main/AndroidManifest.xml
9        android:targetSdkVersion="29" />
9-->src/main/AndroidManifest.xml
10
11    <uses-permission android:name="android.permission.INTERNET" />
11-->src/main/AndroidManifest.xml:5:5-67
11-->src/main/AndroidManifest.xml:5:22-64
12    <uses-permission android:name="android.permission.ACCESS_NETWORK_STATE" />
12-->[com.google.firebase:firebase-analytics:15.0.2] AndroidManifest.xml:24:5-79
12-->[com.google.firebase:firebase-analytics:15.0.2] AndroidManifest.xml:24:22-76
13    <uses-permission android:name="android.permission.WAKE_LOCK" />
13-->[com.google.firebase:firebase-analytics:15.0.2] AndroidManifest.xml:25:5-68
13-->[com.google.firebase:firebase-analytics:15.0.2] AndroidManifest.xml:25:22-65
14    <uses-permission android:name="com.google.android.finsky.permission.BIND_GET_INSTALL_REFERRER_SERVICE" /> <!-- Required by older versions of Google Play services to create IID tokens -->
14-->[com.google.firebase:firebase-analytics:15.0.2] AndroidManifest.xml:26:5-110
14-->[com.google.firebase:firebase-analytics:15.0.2] AndroidManifest.xml:26:22-107
15    <uses-permission android:name="com.google.android.c2dm.permission.RECEIVE" />
15-->[com.google.firebase:firebase-iid:15.1.0] AndroidManifest.xml:26:5-82
15-->[com.google.firebase:firebase-iid:15.1.0] AndroidManifest.xml:26:22-79
16
17    <permission
17-->[com.google.firebase:firebase-iid:15.1.0] AndroidManifest.xml:28:5-30:47
18        android:name="com.example.prolendas.permission.C2D_MESSAGE"
18-->[com.google.firebase:firebase-iid:15.1.0] AndroidManifest.xml:29:9-63
19        android:protectionLevel="signature" />
19-->[com.google.firebase:firebase-iid:15.1.0] AndroidManifest.xml:30:9-44
20
21    <uses-permission android:name="com.example.prolendas.permission.C2D_MESSAGE" />
21-->[com.google.firebase:firebase-iid:15.1.0] AndroidManifest.xml:32:5-79
21-->[com.google.firebase:firebase-iid:15.1.0] AndroidManifest.xml:32:22-76
22
23    <application
23-->src/main/AndroidManifest.xml:7:5-75:19
24        android:allowBackup="true"
24-->src/main/AndroidManifest.xml:8:9-35
25        android:appComponentFactory="androidx.core.app.CoreComponentFactory"
25-->[androidx.core:core:1.1.0] AndroidManifest.xml:24:18-86
26        android:icon="@mipmap/ic_launcher"
26-->src/main/AndroidManifest.xml:9:9-43
27        android:label="@string/app_name"
27-->src/main/AndroidManifest.xml:10:9-41
28        android:roundIcon="@mipmap/ic_launcher_round"
28-->src/main/AndroidManifest.xml:11:9-54
29        android:supportsRtl="true"
29-->src/main/AndroidManifest.xml:12:9-35
30        android:theme="@style/AppTheme" >
30-->src/main/AndroidManifest.xml:13:9-40
31
32        <!-- TESTE AdMob App ID: ca-app-pub-3940256099942544~3347511713 -->
33        <!-- REAL AdMob App ID: ca-app-pub-9825390915193711~3767242704 -->
34        <meta-data
34-->src/main/AndroidManifest.xml:18:9-20:69
35            android:name="com.google.android.gms.ads.APPLICATION_ID"
35-->src/main/AndroidManifest.xml:19:13-69
36            android:value="ca-app-pub-9825390915193711~3767242704" />
36-->src/main/AndroidManifest.xml:20:13-67
37
38        <activity
38-->src/main/AndroidManifest.xml:23:9-24:62
39            android:name="com.example.prolendas.ElencoActivity"
39-->src/main/AndroidManifest.xml:23:19-49
40            android:parentActivityName="com.example.prolendas.PosLoginActivity" />
40-->src/main/AndroidManifest.xml:24:13-59
41        <activity
41-->src/main/AndroidManifest.xml:25:9-27:68
42            android:name="com.example.prolendas.CardapioActivity"
42-->src/main/AndroidManifest.xml:26:13-45
43            android:parentActivityName="com.example.prolendas.AtletaPesquisaActivity" />
43-->src/main/AndroidManifest.xml:27:13-65
44        <activity
44-->src/main/AndroidManifest.xml:28:9-30:62
45            android:name="com.example.prolendas.AtletaPesquisaActivity"
45-->src/main/AndroidManifest.xml:29:13-51
46            android:parentActivityName="com.example.prolendas.PosLoginActivity" />
46-->src/main/AndroidManifest.xml:30:13-59
47        <activity
47-->src/main/AndroidManifest.xml:31:9-33:62
48            android:name="com.example.prolendas.ConfiguracoesUsuariosActivity"
48-->src/main/AndroidManifest.xml:32:13-58
49            android:parentActivityName="com.example.prolendas.PosLoginActivity" />
49-->src/main/AndroidManifest.xml:33:13-59
50        <activity
50-->src/main/AndroidManifest.xml:34:9-36:63
51            android:name="com.example.prolendas.NovaVendaClubeActivity"
51-->src/main/AndroidManifest.xml:35:13-51
52            android:parentActivityName="com.example.prolendas.PosClubesActivity" />
52-->src/main/AndroidManifest.xml:36:13-60
53        <activity
53-->src/main/AndroidManifest.xml:37:9-39:63
54            android:name="com.example.prolendas.ConfiguracoesClubeActivity"
54-->src/main/AndroidManifest.xml:38:13-55
55            android:parentActivityName="com.example.prolendas.PosClubesActivity" />
55-->src/main/AndroidManifest.xml:39:13-60
56        <activity
56-->src/main/AndroidManifest.xml:40:9-42:63
57            android:name="com.example.prolendas.ComprarActivity"
57-->src/main/AndroidManifest.xml:41:13-44
58            android:parentActivityName="com.example.prolendas.PosClubesActivity" />
58-->src/main/AndroidManifest.xml:42:13-60
59        <activity
59-->src/main/AndroidManifest.xml:43:9-45:63
60            android:name="com.example.prolendas.VendasActivity"
60-->src/main/AndroidManifest.xml:44:13-43
61            android:parentActivityName="com.example.prolendas.PosClubesActivity" />
61-->src/main/AndroidManifest.xml:45:13-60
62        <activity android:name="com.example.prolendas.ClubeActivity" />
62-->src/main/AndroidManifest.xml:46:9-51
62-->src/main/AndroidManifest.xml:46:19-48
63        <activity
63-->src/main/AndroidManifest.xml:47:9-49:59
64            android:name="com.example.prolendas.PosClubesActivity"
64-->src/main/AndroidManifest.xml:48:13-46
65            android:parentActivityName="com.example.prolendas.LoginActivity" />
65-->src/main/AndroidManifest.xml:49:13-56
66        <activity android:name="com.example.prolendas.ClubActivity" />
66-->src/main/AndroidManifest.xml:50:9-50
66-->src/main/AndroidManifest.xml:50:19-47
67        <activity android:name="com.example.prolendas.XboxActivity" />
67-->src/main/AndroidManifest.xml:51:9-50
67-->src/main/AndroidManifest.xml:51:19-47
68        <activity android:name="com.example.prolendas.AtletaActivity" />
68-->src/main/AndroidManifest.xml:52:9-52
68-->src/main/AndroidManifest.xml:52:19-49
69        <activity
69-->src/main/AndroidManifest.xml:53:9-55:59
70            android:name="com.example.prolendas.PosLoginActivity"
70-->src/main/AndroidManifest.xml:54:13-45
71            android:parentActivityName="com.example.prolendas.LoginActivity" />
71-->src/main/AndroidManifest.xml:55:13-56
72        <activity android:name="com.example.prolendas.LoginActivity" />
72-->src/main/AndroidManifest.xml:56:9-51
72-->src/main/AndroidManifest.xml:56:19-48
73        <activity
73-->src/main/AndroidManifest.xml:57:9-59:50
74            android:name="com.example.prolendas.QuartaActivity"
74-->src/main/AndroidManifest.xml:58:13-43
75            android:screenOrientation="sensor" />
75-->src/main/AndroidManifest.xml:59:13-47
76        <activity
76-->src/main/AndroidManifest.xml:60:9-62:50
77            android:name="com.example.prolendas.TerceiraActivity"
77-->src/main/AndroidManifest.xml:61:13-45
78            android:screenOrientation="sensor" />
78-->src/main/AndroidManifest.xml:62:13-47
79        <activity
79-->src/main/AndroidManifest.xml:63:9-65:50
80            android:name="com.example.prolendas.SegundaActivity"
80-->src/main/AndroidManifest.xml:64:13-44
81            android:screenOrientation="sensor" />
81-->src/main/AndroidManifest.xml:65:13-47
82        <activity
82-->src/main/AndroidManifest.xml:66:9-74:20
83            android:name="com.example.prolendas.MainActivity"
83-->src/main/AndroidManifest.xml:67:13-41
84            android:screenOrientation="sensor" >
84-->src/main/AndroidManifest.xml:68:13-47
85            <intent-filter>
85-->src/main/AndroidManifest.xml:69:13-73:29
86                <action android:name="android.intent.action.MAIN" />
86-->src/main/AndroidManifest.xml:70:17-69
86-->src/main/AndroidManifest.xml:70:25-66
87
88                <category android:name="android.intent.category.LAUNCHER" />
88-->src/main/AndroidManifest.xml:72:17-77
88-->src/main/AndroidManifest.xml:72:27-74
89            </intent-filter>
90        </activity>
91        <activity
91-->[com.google.firebase:firebase-auth:15.0.0] AndroidManifest.xml:23:9-29:75
92            android:name="com.google.firebase.auth.internal.FederatedSignInActivity"
92-->[com.google.firebase:firebase-auth:15.0.0] AndroidManifest.xml:24:13-85
93            android:excludeFromRecents="true"
93-->[com.google.firebase:firebase-auth:15.0.0] AndroidManifest.xml:25:13-46
94            android:exported="true"
94-->[com.google.firebase:firebase-auth:15.0.0] AndroidManifest.xml:26:13-36
95            android:launchMode="singleInstance"
95-->[com.google.firebase:firebase-auth:15.0.0] AndroidManifest.xml:27:13-48
96            android:permission="com.google.firebase.auth.api.gms.permission.LAUNCH_FEDERATED_SIGN_IN"
96-->[com.google.firebase:firebase-auth:15.0.0] AndroidManifest.xml:28:13-102
97            android:theme="@android:style/Theme.Translucent.NoTitleBar" />
97-->[com.google.firebase:firebase-auth:15.0.0] AndroidManifest.xml:29:13-72
98        <activity
98-->[com.google.android.gms:play-services-auth:15.0.0] AndroidManifest.xml:23:9-27:75
99            android:name="com.google.android.gms.auth.api.signin.internal.SignInHubActivity"
99-->[com.google.android.gms:play-services-auth:15.0.0] AndroidManifest.xml:24:13-93
100            android:excludeFromRecents="true"
100-->[com.google.android.gms:play-services-auth:15.0.0] AndroidManifest.xml:25:13-46
101            android:exported="false"
101-->[com.google.android.gms:play-services-auth:15.0.0] AndroidManifest.xml:26:13-37
102            android:theme="@android:style/Theme.Translucent.NoTitleBar" />
102-->[com.google.android.gms:play-services-auth:15.0.0] AndroidManifest.xml:27:13-72
103        <!--
104            Service handling Google Sign-In user revocation. For apps that do not integrate with
105            Google Sign-In, this service will never be started.
106        -->
107        <service
107-->[com.google.android.gms:play-services-auth:15.0.0] AndroidManifest.xml:33:9-36:110
108            android:name="com.google.android.gms.auth.api.signin.RevocationBoundService"
108-->[com.google.android.gms:play-services-auth:15.0.0] AndroidManifest.xml:34:13-89
109            android:exported="true"
109-->[com.google.android.gms:play-services-auth:15.0.0] AndroidManifest.xml:35:13-36
110            android:permission="com.google.android.gms.auth.api.signin.permission.REVOCATION_NOTIFICATION" />
110-->[com.google.android.gms:play-services-auth:15.0.0] AndroidManifest.xml:36:13-107
111
112        <provider
112-->[com.squareup.picasso:picasso:2.71828] AndroidManifest.xml:8:9-11:40
113            android:name="com.squareup.picasso.PicassoProvider"
113-->[com.squareup.picasso:picasso:2.71828] AndroidManifest.xml:9:13-64
114            android:authorities="com.example.prolendas.com.squareup.picasso"
114-->[com.squareup.picasso:picasso:2.71828] AndroidManifest.xml:10:13-72
115            android:exported="false" />
115-->[com.squareup.picasso:picasso:2.71828] AndroidManifest.xml:11:13-37
116
117        <receiver
117-->[com.google.firebase:firebase-analytics:15.0.2] AndroidManifest.xml:29:9-33:20
118            android:name="com.google.android.gms.measurement.AppMeasurementReceiver"
118-->[com.google.firebase:firebase-analytics:15.0.2] AndroidManifest.xml:30:13-85
119            android:enabled="true"
119-->[com.google.firebase:firebase-analytics:15.0.2] AndroidManifest.xml:31:13-35
120            android:exported="false" >
120-->[com.google.firebase:firebase-analytics:15.0.2] AndroidManifest.xml:32:13-37
121        </receiver>
122        <receiver
122-->[com.google.firebase:firebase-analytics:15.0.2] AndroidManifest.xml:34:9-42:20
123            android:name="com.google.android.gms.measurement.AppMeasurementInstallReferrerReceiver"
123-->[com.google.firebase:firebase-analytics:15.0.2] AndroidManifest.xml:35:13-100
124            android:enabled="true"
124-->[com.google.firebase:firebase-analytics:15.0.2] AndroidManifest.xml:36:13-35
125            android:exported="true"
125-->[com.google.firebase:firebase-analytics:15.0.2] AndroidManifest.xml:37:13-36
126            android:permission="android.permission.INSTALL_PACKAGES" >
126-->[com.google.firebase:firebase-analytics:15.0.2] AndroidManifest.xml:38:13-69
127            <intent-filter>
127-->[com.google.firebase:firebase-analytics:15.0.2] AndroidManifest.xml:39:13-41:29
128                <action android:name="com.android.vending.INSTALL_REFERRER" />
128-->[com.google.firebase:firebase-analytics:15.0.2] AndroidManifest.xml:40:17-79
128-->[com.google.firebase:firebase-analytics:15.0.2] AndroidManifest.xml:40:25-76
129            </intent-filter>
130        </receiver>
131
132        <service
132-->[com.google.firebase:firebase-analytics:15.0.2] AndroidManifest.xml:44:9-47:40
133            android:name="com.google.android.gms.measurement.AppMeasurementService"
133-->[com.google.firebase:firebase-analytics:15.0.2] AndroidManifest.xml:45:13-84
134            android:enabled="true"
134-->[com.google.firebase:firebase-analytics:15.0.2] AndroidManifest.xml:46:13-35
135            android:exported="false" />
135-->[com.google.firebase:firebase-analytics:15.0.2] AndroidManifest.xml:47:13-37
136        <service
136-->[com.google.firebase:firebase-analytics:15.0.2] AndroidManifest.xml:48:9-52:72
137            android:name="com.google.android.gms.measurement.AppMeasurementJobService"
137-->[com.google.firebase:firebase-analytics:15.0.2] AndroidManifest.xml:49:13-87
138            android:enabled="true"
138-->[com.google.firebase:firebase-analytics:15.0.2] AndroidManifest.xml:50:13-35
139            android:exported="false"
139-->[com.google.firebase:firebase-analytics:15.0.2] AndroidManifest.xml:51:13-37
140            android:permission="android.permission.BIND_JOB_SERVICE" />
140-->[com.google.firebase:firebase-analytics:15.0.2] AndroidManifest.xml:52:13-69
141        <service android:name="com.google.firebase.components.ComponentDiscoveryService" >
141-->[com.google.firebase:firebase-iid:15.1.0] AndroidManifest.xml:35:9-39:19
141-->[com.google.firebase:firebase-iid:15.1.0] AndroidManifest.xml:35:18-89
142            <meta-data
142-->[com.google.firebase:firebase-iid:15.1.0] AndroidManifest.xml:36:13-38:85
143                android:name="com.google.firebase.components:com.google.firebase.iid.Registrar"
143-->[com.google.firebase:firebase-iid:15.1.0] AndroidManifest.xml:37:17-96
144                android:value="com.google.firebase.components.ComponentRegistrar" />
144-->[com.google.firebase:firebase-iid:15.1.0] AndroidManifest.xml:38:17-82
145        </service>
146
147        <receiver
147-->[com.google.firebase:firebase-iid:15.1.0] AndroidManifest.xml:41:9-50:20
148            android:name="com.google.firebase.iid.FirebaseInstanceIdReceiver"
148-->[com.google.firebase:firebase-iid:15.1.0] AndroidManifest.xml:42:13-78
149            android:exported="true"
149-->[com.google.firebase:firebase-iid:15.1.0] AndroidManifest.xml:43:13-36
150            android:permission="com.google.android.c2dm.permission.SEND" >
150-->[com.google.firebase:firebase-iid:15.1.0] AndroidManifest.xml:44:13-73
151            <intent-filter>
151-->[com.google.firebase:firebase-iid:15.1.0] AndroidManifest.xml:45:13-49:29
152                <action android:name="com.google.android.c2dm.intent.RECEIVE" />
152-->[com.google.firebase:firebase-iid:15.1.0] AndroidManifest.xml:46:17-81
152-->[com.google.firebase:firebase-iid:15.1.0] AndroidManifest.xml:46:25-78
153
154                <category android:name="com.example.prolendas" />
154-->[com.google.firebase:firebase-iid:15.1.0] AndroidManifest.xml:48:17-61
154-->[com.google.firebase:firebase-iid:15.1.0] AndroidManifest.xml:48:27-58
155            </intent-filter>
156        </receiver>
157        <!--
158             FirebaseInstanceIdService performs security checks at runtime,
159             no need for explicit permissions despite exported="true"
160        -->
161        <service
161-->[com.google.firebase:firebase-iid:15.1.0] AndroidManifest.xml:56:9-62:19
162            android:name="com.google.firebase.iid.FirebaseInstanceIdService"
162-->[com.google.firebase:firebase-iid:15.1.0] AndroidManifest.xml:57:13-77
163            android:exported="true" >
163-->[com.google.firebase:firebase-iid:15.1.0] AndroidManifest.xml:58:13-36
164            <intent-filter android:priority="-500" >
164-->[com.google.firebase:firebase-iid:15.1.0] AndroidManifest.xml:59:13-61:29
164-->[com.google.firebase:firebase-iid:15.1.0] AndroidManifest.xml:59:28-51
165                <action android:name="com.google.firebase.INSTANCE_ID_EVENT" />
165-->[com.google.firebase:firebase-iid:15.1.0] AndroidManifest.xml:60:17-80
165-->[com.google.firebase:firebase-iid:15.1.0] AndroidManifest.xml:60:25-77
166            </intent-filter>
167        </service>
168
169        <provider
169-->[com.google.firebase:firebase-common:15.0.1] AndroidManifest.xml:8:9-12:39
170            android:name="com.google.firebase.provider.FirebaseInitProvider"
170-->[com.google.firebase:firebase-common:15.0.1] AndroidManifest.xml:9:13-77
171            android:authorities="com.example.prolendas.firebaseinitprovider"
171-->[com.google.firebase:firebase-common:15.0.1] AndroidManifest.xml:10:13-72
172            android:exported="false"
172-->[com.google.firebase:firebase-common:15.0.1] AndroidManifest.xml:11:13-37
173            android:initOrder="100" />
173-->[com.google.firebase:firebase-common:15.0.1] AndroidManifest.xml:12:13-36
174
175        <activity
175-->[com.google.android.gms:play-services-base:15.0.1] AndroidManifest.xml:23:9-26:75
176            android:name="com.google.android.gms.common.api.GoogleApiActivity"
176-->[com.google.android.gms:play-services-base:15.0.1] AndroidManifest.xml:24:13-79
177            android:exported="false"
177-->[com.google.android.gms:play-services-base:15.0.1] AndroidManifest.xml:25:13-37
178            android:theme="@android:style/Theme.Translucent.NoTitleBar" /> <!-- Include the AdActivity and InAppPurchaseActivity configChanges and themes. -->
178-->[com.google.android.gms:play-services-base:15.0.1] AndroidManifest.xml:26:13-72
179        <activity
179-->[com.google.android.gms:play-services-ads-lite:15.0.0] AndroidManifest.xml:29:9-33:64
180            android:name="com.google.android.gms.ads.AdActivity"
180-->[com.google.android.gms:play-services-ads-lite:15.0.0] AndroidManifest.xml:30:13-65
181            android:configChanges="keyboard|keyboardHidden|orientation|screenLayout|uiMode|screenSize|smallestScreenSize"
181-->[com.google.android.gms:play-services-ads-lite:15.0.0] AndroidManifest.xml:31:13-122
182            android:exported="false"
182-->[com.google.android.gms:play-services-ads-lite:15.0.0] AndroidManifest.xml:32:13-37
183            android:theme="@android:style/Theme.Translucent" />
183-->[com.google.android.gms:play-services-ads-lite:15.0.0] AndroidManifest.xml:33:13-61
184
185        <meta-data
185-->[com.google.android.gms:play-services-basement:15.0.1] AndroidManifest.xml:23:9-25:69
186            android:name="com.google.android.gms.version"
186-->[com.google.android.gms:play-services-basement:15.0.1] AndroidManifest.xml:24:13-58
187            android:value="@integer/google_play_services_version" />
187-->[com.google.android.gms:play-services-basement:15.0.1] AndroidManifest.xml:25:13-66
188    </application>
189
190</manifest>